#
# There is insufficient memory for the Java Runtime Environment to continue.
# Native memory allocation (mmap) failed to map 134217728 bytes for G1 virtual space
# Possible reasons:
#   The system is out of physical RAM or swap space
#   The process is running with CompressedOops enabled, and the Java Heap may be blocking the growth of the native heap
# Possible solutions:
#   Reduce memory load on the system
#   Increase physical memory or swap space
#   Check if swap backing store is full
#   Decrease Java heap size (-Xmx/-Xms)
#   Decrease number of Java threads
#   Decrease Java thread stack sizes (-Xss)
#   Set larger code cache with -XX:ReservedCodeCacheSize=
#   JVM is running with Unscaled Compressed Oops mode in which the Java heap is
#     placed in the first 4GB address space. The Java Heap base address is the
#     maximum limit for the native heap growth. Please use -XX:HeapBaseMinAddress
#     to set the Java Heap base and to place the Java Heap above 4GB virtual address.
# This output file may be truncated or incomplete.
#
#  Out of Memory Error (os_windows.cpp:3548), pid=9312, tid=2196
#
# JRE version:  (17.0.5+8) (build )
# Java VM: OpenJDK 64-Bit Server VM (17.0.5+8-LTS, mixed mode, sharing, tiered, compressed oops, compressed class ptrs, g1 gc, windows-amd64)
# No core dump will be written. Minidumps are not enabled by default on client versions of Windows
#

---------------  S U M M A R Y ------------

Command Line: -javaagent:C:\Program Files\JetBrains\IntelliJ IDEA 2022.2.3\lib\idea_rt.jar=58392:C:\Program Files\JetBrains\IntelliJ IDEA 2022.2.3\bin -Dfile.encoding=UTF-8 ChecaPalindromo

Host: Intel(R) Core(TM) i5-7200U CPU @ 2.50GHz, 4 cores, 7G,  Windows 10 , 64 bit Build 19041 (10.0.19041.1889)
Time: Thu Nov 10 14:59:55 2022 Hora oficial do Brasil elapsed time: 0.034332 seconds (0d 0h 0m 0s)

---------------  T H R E A D  ---------------

Current thread (0x0000012fe79b0220):  JavaThread "Unknown thread" [_thread_in_vm, id=2196, stack(0x00000027a6800000,0x00000027a6900000)]

Stack: [0x00000027a6800000,0x00000027a6900000]
Native frames: (J=compiled Java code, j=interpreted, Vv=VM code, C=native code)
V  [jvm.dll+0x646e0a]
V  [jvm.dll+0x7f7f14]
V  [jvm.dll+0x7f96ce]
V  [jvm.dll+0x7f9d23]
V  [jvm.dll+0x234c98]
V  [jvm.dll+0x643d6a]
V  [jvm.dll+0x63849a]
V  [jvm.dll+0x2f2ed9]
V  [jvm.dll+0x2fa066]
V  [jvm.dll+0x345a2a]
V  [jvm.dll+0x345c6f]
V  [jvm.dll+0x2c9378]
V  [jvm.dll+0x2ca309]
V  [jvm.dll+0x7cb681]
V  [jvm.dll+0x352eb1]
V  [jvm.dll+0x7abb8e]
V  [jvm.dll+0x3ce293]
V  [jvm.dll+0x3cfc91]
C  [jli.dll+0x519f]
C  [ucrtbase.dll+0x21bb2]
C  [KERNEL32.DLL+0x17034]
C  [ntdll.dll+0x526a1]


---------------  P R O C E S S  ---------------

Threads class SMR info:
_java_thread_list=0x00007ffd41e96758, length=0, elements={
}

Java Threads: ( => current thread )

Other Threads:
  0x0000012fe7a0cbd0 GCTaskThread "GC Thread#0" [stack: 0x00000027a6900000,0x00000027a6a00000] [id=10460]
  0x0000012fe7a1e6b0 ConcurrentGCThread "G1 Main Marker" [stack: 0x00000027a6a00000,0x00000027a6b00000] [id=4436]
  0x0000012fe7a1efd0 ConcurrentGCThread "G1 Conc#0" [stack: 0x00000027a6b00000,0x00000027a6c00000] [id=13084]

[error occurred during error reporting (printing all threads), id 0xc0000005, EXCEPTION_ACCESS_VIOLATION (0xc0000005) at pc=0x00007ffd4168a567]

VM state: not at safepoint (not fully initialized)

VM Mutex/Monitor currently owned by a thread:  ([mutex/lock_event])
[0x0000012fe79ac6a0] Heap_lock - owner thread: 0x0000012fe79b0220

Heap address: 0x0000000081c00000, size: 2020 MB, Compressed Oops mode: 32-bit

CDS archive(s) mapped at: [0x0000000000000000-0x0000000000000000-0x0000000000000000), size 0, SharedBaseAddress: 0x0000000800000000, ArchiveRelocationMode: 0.
Narrow klass base: 0x0000000000000000, Narrow klass shift: 0, Narrow klass range: 0x0

GC Precious Log:
<Empty>

Heap:
 garbage-first heap   total 0K, used 0K [0x0000000081c00000, 0x0000000100000000)
  region size 1024K, 0 young (0K), 0 survivors (0K)

[error occurred during error reporting (printing heap information), id 0xc0000005, EXCEPTION_ACCESS_VIOLATION (0xc0000005) at pc=0x00007ffd41a4e739]

GC Heap History (0 events):
No events

Dll operation events (1 events):
Event: 0.016 Loaded shared library C:\Users\usuario\.jdks\corretto-17.0.5\bin\java.dll

Deoptimization events (0 events):
No events

Classes unloaded (0 events):
No events

Classes redefined (0 events):
No events

Internal exceptions (0 events):
No events

VM Operations (0 events):
No events

Events (0 events):
No events


Dynamic libraries:
0x00007ff7bf640000 - 0x00007ff7bf64d000 	C:\Users\usuario\.jdks\corretto-17.0.5\bin\java.exe
0x00007ffd81430000 - 0x00007ffd81628000 	C:\Windows\SYSTEM32\ntdll.dll
0x00007ffd80240000 - 0x00007ffd802fd000 	C:\Windows\System32\KERNEL32.DLL
0x00007ffd7f000000 - 0x00007ffd7f2d2000 	C:\Windows\System32\KERNELBASE.dll
0x00007ffd7eb40000 - 0x00007ffd7ec40000 	C:\Windows\System32\ucrtbase.dll
0x00007ffd5b840000 - 0x00007ffd5b857000 	C:\Users\usuario\.jdks\corretto-17.0.5\bin\jli.dll
0x00007ffd7f950000 - 0x00007ffd7faed000 	C:\Windows\System32\USER32.dll
0x00007ffd7f2e0000 - 0x00007ffd7f302000 	C:\Windows\System32\win32u.dll
0x00007ffd80cf0000 - 0x00007ffd80d1b000 	C:\Windows\System32\GDI32.dll
0x00007ffd7ecf0000 - 0x00007ffd7edff000 	C:\Windows\System32\gdi32full.dll
0x00007ffd7ef60000 - 0x00007ffd7effd000 	C:\Windows\System32\msvcp_win.dll
0x00007ffd5c830000 - 0x00007ffd5c845000 	C:\Users\usuario\.jdks\corretto-17.0.5\bin\VCRUNTIME140.dll
0x00007ffd6b9a0000 - 0x00007ffd6bc3a000 	C:\Windows\WinSxS\amd64_microsoft.windows.common-controls_6595b64144ccf1df_6.0.19041.1110_none_60b5254171f9507e\COMCTL32.dll
0x00007ffd80180000 - 0x00007ffd8021e000 	C:\Windows\System32\msvcrt.dll
0x00007ffd7f7d0000 - 0x00007ffd7f800000 	C:\Windows\System32\IMM32.DLL
0x00007ffd498f0000 - 0x00007ffd4998b000 	C:\Users\usuario\.jdks\corretto-17.0.5\bin\msvcp140.dll
0x00007ffd413b0000 - 0x00007ffd41fc4000 	C:\Users\usuario\.jdks\corretto-17.0.5\bin\server\jvm.dll
0x00007ffd7f490000 - 0x00007ffd7f53e000 	C:\Windows\System32\ADVAPI32.dll
0x00007ffd80d20000 - 0x00007ffd80dbc000 	C:\Windows\System32\sechost.dll
0x00007ffd80e40000 - 0x00007ffd80f65000 	C:\Windows\System32\RPCRT4.dll
0x00007ffd61330000 - 0x00007ffd61339000 	C:\Windows\SYSTEM32\WSOCK32.dll
0x00007ffd680f0000 - 0x00007ffd68117000 	C:\Windows\SYSTEM32\WINMM.dll
0x00007ffd80b20000 - 0x00007ffd80b8b000 	C:\Windows\System32\WS2_32.dll
0x00007ffd72e10000 - 0x00007ffd72e1a000 	C:\Windows\SYSTEM32\VERSION.dll
0x00007ffd7d390000 - 0x00007ffd7d3a2000 	C:\Windows\SYSTEM32\kernel.appcore.dll
0x00007ffd76f10000 - 0x00007ffd76f1a000 	C:\Users\usuario\.jdks\corretto-17.0.5\bin\jimage.dll
0x00007ffd7c8f0000 - 0x00007ffd7cad4000 	C:\Windows\SYSTEM32\DBGHELP.DLL
0x00007ffd683c0000 - 0x00007ffd683ec000 	C:\Windows\SYSTEM32\dbgcore.DLL
0x00007ffd7f3d0000 - 0x00007ffd7f452000 	C:\Windows\System32\bcryptPrimitives.dll
0x00007ffd65f40000 - 0x00007ffd65f4e000 	C:\Users\usuario\.jdks\corretto-17.0.5\bin\instrument.dll
0x00007ffd56bf0000 - 0x00007ffd56c15000 	C:\Users\usuario\.jdks\corretto-17.0.5\bin\java.dll

dbghelp: loaded successfully - version: 4.0.5 - missing functions: none
symbol engine: initialized successfully - sym options: 0x614 - pdb path: .;C:\Users\usuario\.jdks\corretto-17.0.5\bin;C:\Windows\SYSTEM32;C:\Windows\WinSxS\amd64_microsoft.windows.common-controls_6595b64144ccf1df_6.0.19041.1110_none_60b5254171f9507e;C:\Users\usuario\.jdks\corretto-17.0.5\bin\server

VM Arguments:
jvm_args: -javaagent:C:\Program Files\JetBrains\IntelliJ IDEA 2022.2.3\lib\idea_rt.jar=58392:C:\Program Files\JetBrains\IntelliJ IDEA 2022.2.3\bin -Dfile.encoding=UTF-8 
java_command: ChecaPalindromo
java_class_path (initial): C:\Users\usuario\Desktop\Testes\teste-estagio\joaoorlando-page\testePalindromo\Palindromo\out\production\Palindromo
Launcher Type: SUN_STANDARD

[Global flags]
     intx CICompilerCount                          = 3                                         {product} {ergonomic}
     uint ConcGCThreads                            = 1                                         {product} {ergonomic}
     uint G1ConcRefinementThreads                  = 4                                         {product} {ergonomic}
   size_t G1HeapRegionSize                         = 1048576                                   {product} {ergonomic}
    uintx GCDrainStackTargetSize                   = 64                                        {product} {ergonomic}
   size_t InitialHeapSize                          = 134217728                                 {product} {ergonomic}
   size_t MarkStackSize                            = 4194304                                   {product} {ergonomic}
   size_t MaxHeapSize                              = 2118123520                                {product} {ergonomic}
   size_t MinHeapDeltaBytes                        = 1048576                                   {product} {ergonomic}
   size_t MinHeapSize                              = 8388608                                   {product} {ergonomic}
    uintx NonNMethodCodeHeapSize                   = 5832780                                {pd product} {ergonomic}
    uintx NonProfiledCodeHeapSize                  = 122912730                              {pd product} {ergonomic}
    uintx ProfiledCodeHeapSize                     = 122912730                              {pd product} {ergonomic}
    uintx ReservedCodeCacheSize                    = 251658240                              {pd product} {ergonomic}
     bool SegmentedCodeCache                       = true                                      {product} {ergonomic}
   size_t SoftMaxHeapSize                          = 2118123520                             {manageable} {ergonomic}
     bool UseCompressedClassPointers               = true                           {product lp64_product} {ergonomic}
     bool UseCompressedOops                        = true                           {product lp64_product} {ergonomic}
     bool UseG1GC                                  = true                                      {product} {ergonomic}
     bool UseLargePagesIndividualAllocation        = false                                  {pd product} {ergonomic}

Logging:
Log output configuration:
 #0: stdout all=warning uptime,level,tags
 #1: stderr all=off uptime,level,tags

Environment Variables:
PATH=C:\Windows\system32;C:\Windows;C:\Windows\System32\Wbem;C:\Windows\System32\WindowsPowerShell\v1.0\;C:\Windows\System32\OpenSSH\;C:\Program Files (x86)\Intel\Intel(R) Management Engine Components\DAL;C:\Program Files\Intel\Intel(R) Management Engine Components\DAL;C:\Program Files\Git\cmd;C:\Program Files\Amazon\AWSCLIV2\;C:\Program Files\MySQL\MySQL Server 8.0\bin;C:\Program Files\MySQL\MySQL Shell 8.0\bin\;C:\Users\usuario\AppData\Local\Microsoft\WindowsApps;;C:\Users\usuario\AppData\Local\Programs\Microsoft VS Code\bin
USERNAME=usuario
OS=Windows_NT
PROCESSOR_IDENTIFIER=Intel64 Family 6 Model 142 Stepping 9, GenuineIntel
TMP=C:\Users\usuario\AppData\Local\Temp
TEMP=C:\Users\usuario\AppData\Local\Temp



---------------  S Y S T E M  ---------------

OS:
 Windows 10 , 64 bit Build 19041 (10.0.19041.1889)
OS uptime: 1 days 22:08 hours

CPU: total 4 (initial active 4) (2 cores per cpu, 2 threads per core) family 6 model 142 stepping 9 microcode 0xf0, cx8, cmov, fxsr, ht, mmx, 3dnowpref, sse, sse2, sse3, ssse3, sse4.1, sse4.2, popcnt, lzcnt, tsc, tscinvbit, avx, avx2, aes, erms, clmul, bmi1, bmi2, adx, fma, vzeroupper, clflush, clflushopt

Memory: 4k page, system-wide physical 8073M (525M free)
TotalPageFile size 12169M (AvailPageFile size 133M)
current process WorkingSet (physical memory assigned to process): 10M, peak: 10M
current process commit charge ("private bytes"): 51M, peak: 179M

vm_info: OpenJDK 64-Bit Server VM (17.0.5+8-LTS) for windows-amd64 JRE (17.0.5+8-LTS), built on Oct 13 2022 05:18:14 by "Administrator" with MS VC++ 15.9 (VS2017)

END.
